Running: fuse.exe -relaunch -intstyle "ise" -incremental -lib "secureip" -o "O:/final/misc/node_matrix_tb_isim_beh.exe" -prj "O:/final/misc/node_matrix_tb_beh.prj" "work.node_matrix_tb" 
ISim P.49d (signature 0x7708f090)
Number of CPUs detected in this system: 4
Turning on mult-threading, number of parallel sub-compilation jobs: 8 
Determining compilation order of HDL files
Parsing VHDL file "O:/final/misc/../reg_8b.vhd" into library work
Parsing VHDL file "O:/final/misc/../node.vhd" into library work
Parsing VHDL file "O:/final/misc/../node_matrix.vhd" into library work
Parsing VHDL file "O:/final/misc/../node_matrix_tb.vhd" into library work
Parsing VHDL file "O:/final/misc/../cbuff/example_design/cbuff_exdes.vhd" into library work
Starting static elaboration
Completed static elaboration
Compiling package standard
Compiling package std_logic_1164
Compiling package numeric_std
Compiling architecture behavioral of entity reg_8b [reg_8b_default]
Compiling architecture behavioral of entity node [node_default]
Compiling architecture behavioral of entity node_matrix [node_matrix_default]
Compiling architecture behavior of entity node_matrix_tb
Time Resolution for simulation is 1ps.
Waiting for 1 sub-compilation(s) to finish...
Compiled 10 VHDL Units
Built simulation executable O:/final/misc/node_matrix_tb_isim_beh.exe
Fuse Memory Usage: 51584 KB
Fuse CPU Usage: 982 ms
