INFO:sim:172 - Generating IP...
Applying current project options...
Finished applying current project options.
WARNING:sim - A core named 'cbuff' already exists in the project. Output
   products for this core may be overwritten.
Resolving generics for 'cbuff'...
WARNING:sim - A core named 'cbuff' already exists in the project. Output
   products for this core may be overwritten.
Applying external generics to 'cbuff'...
Delivering associated files for 'cbuff'...
WARNING:sim - Component clk_wiz_v3_6 does not have a valid model name for VHDL
   synthesis
Delivering EJava files for 'cbuff'...
Delivered 3 files into directory /home/will/Code/VHDL/final/tmp/_cg/cbuff
Delivered 1 file into directory /home/will/Code/VHDL/final/tmp/_cg/cbuff
Generating ASY schematic symbol...
Loading device for application Rf_Device from file '6slx16.nph' in environment
/opt/Xilinx/14.7/ISE_DS/ISE/.
INFO:sim:949 - Finished generation of ASY schematic symbol.
Generating SYM schematic symbol for 'cbuff'...
Generating ISE project...
XCO file found: cbuff.xco
XMDF file found: cbuff_xmdf.tcl
Adding /home/will/Code/VHDL/final/tmp/_cg/cbuff.asy -view all -origin_type
imported
Adding /home/will/Code/VHDL/final/tmp/_cg/cbuff.ucf -view all -origin_type
created
Adding /home/will/Code/VHDL/final/tmp/_cg/cbuff.vhd -view all -origin_type
created
INFO:HDLCompiler:1061 - Parsing VHDL file
   "/home/will/Code/VHDL/final/tmp/_cg/cbuff.vhd" into library work
INFO:ProjectMgmt - Parsing design hierarchy completed successfully.
Adding /home/will/Code/VHDL/final/tmp/_cg/cbuff.vho -view all -origin_type
imported
INFO:TclTasksC:2116 - The automatic calculation of top has been turned-off.
   Please set the new top explicitly by running the "project set top" command.
   To re-calculate the new top automatically, set the "Auto Implementation Top"
   property to true.
Top level has been set to "/cbuff"
Generating README file...
Generating FLIST file...
INFO:sim:948 - Finished FLIST file generation.
Launching README viewer...
Moving files to output directory...
Finished moving files to output directory
Wrote CGP file for project 'cbuff'.
